15513
28267
10831
26646
18853
26209
24514
480
927
24973
13286
21075
3996
7432
5663
12369
3165
7199
7248
14346
28323
28360
28439
28171
14329
22841
20463
10672
30511
18927
14638
28242
23043
2590
27290
27758
18445
16929
9225
8620
4489
2484
1207
28084
6434
9287
10740
3132
18219
2896
214
26449
24758
30157
22931
7141
16247
22610
30064
30293
32048
20323
27273
31314
17393
21315
685
19107
6480
21610
19111
11197
21153
12285
18762
14852
16192
25958
19719
27704
25574
10247
6400
20476
16850
23043
1047
26783
14184
32233
12065
14184
7599
2385
21374
9997
119
2846
1872
8850
760
28576
32264
30157
30696
17970
32048
21613
1872
30096
30511
28831
10627
9781
19096
4376
6064
21315
25263
22819
22478
23497
32660
26651
18554
17520
4169
27168
16734
9858
79
4489
14276
22381
4860
4135
26902
30275
1373
28649
3604
5026
25211
25292
7560
28433
9442
7213
7692
9506
11392
11681
17102
1098
32582
9287
27852
15711
8605
17629
21072
15162
16332
30738
15004
20397
6254
10318
19557
1373
12478
14993
26449
25564
16504
28880
11392
1826
24758
10327
24585
8204
11392
2775
24886
838
1058
9545
4765
22542
12030
4489
22931
21072
9355
26646
29301
28528
29927
9781
11392
25293
28928
21008
5303
28988
8605
22586
4436
27881
11336
10898
21249
4135
13968
28433
6586
19391
4162
10133
20984
13110
18851
29667
31716
25650
27429
10248
18851
22819
1471
6986
11768
27429
16339
5303
3889
1507
296
20796
31797
24237
12526
7136
28690
3588
30064
19956
6899
12608
6798
13262
28928
32162
26069
11681
2896
1500
896
10627
10672
6871
8351
22850
6139
18629
28242
27168
24497
13205
16462
17751
20009
29927
5670
24870
12886
13711
1373
14425
26651
25407
6457
5758
31169
22656
17412
15711
10369
25211
31212
10740
7089
24972
21315
18844
28267
18762
9696
16673
31934
5547
13602
18851
20009
21238
31330
32097
7692
8396
235
9850
17536
3044
26921
24118
12526
26515
14361
27343
10574
14982
12524
18606
24497
2575
5375
18611
16850
30157
5681
23665
1620
30096
20458
16178
23354
7573
3588
7136
12504
28242
25958
16351
28780
22819
31395
6471
7313
3976
22112
26209
16339
20796
8664
9355
9182
23354
18219
566
3906
5933
15231
24410
10100
29828
422
10312
9091
1175
30696
17284
14456
31912
17360
927
4630
17751
16677
838
21238
13106
16462
23161
17393
5337
4162
11675
17021
12285
7253
26902
31716
1507
6971
28564
14361
31330
12004
1991
12526
15297
29667
24237
19276
28433
26449
19596
14425
8942
16673
12065
5115
17393
30738
6992
20308
29828
25263
14329
13249
4343
28439
16403
3660
26783
12126
30096
17412
20656
22931
7937
29562
12915
12369
21331
28118
29105
20323
22868
31797
29807
6798
21916
3044
3653
32216
7421
1620
8942
7199
5615
10672
6965
6117
20491
5789
2933
19276
9192
19276
28439
24758
730
10133
18424
28988
22612
24412
8396
18219
22644
1985
13711
31306
29392
32241
12886
14527
6434
3653
566
22757
461
28439
988
17726
16192
15446
24509
12010
16462
5232
28655
14725
28439
9530
27343
18606
5337
32343
24967
697
8204
25407
9981
9530
4691
13598
2257
17536
31873
10834
15443
1471
19111
3660
31491
10861
29940
23245
31395
32409
23535
5176
15495
13602
10834
25721
29910
214
10831
18508
11681
19484
6434
5375
15162
17186
14852
26275
2070
25293
7313
8222
10976
25791
20052
25650
25650
6117
12068
16247
17965
21214
3889
9850
12126
27383
16351
17536
21331
31170
7141
23396
23798
11675
16403
24972
7421
16867
22931
18853
24118
14456
26128
27257
16557
32548
15297
24648
11000
460
5681
9131
1078
32264
12029
5670
19347
12524
30554
3604
28171
7213
18927
28433
25407
25407
20505
15508
25306
22819
18348
20491
2896
30096
21238
25679
6434
12068
32343
21357
3132
12478
16673
8514
12825
5215
16673
20796
17478
7432
10672
23665
9222
12825
18954
7185
6043
1872
18030
16462
15162
5739
16247
1991
11675
26011
3639
28171
24870
21256
3889
27094
23396
19111
22931
22112
32264
20052
3432
1710
177
17662
8942
4765
30224
28649
10989
10327
14225
3044
9358
30915
11272
26128
287
3653
20546
19069
17965
16359
10133
28961
26780
6627
8204
3489
30445
21357
1170
9506
16339
24509
2846
12478
24118
13905
21106
29826
9511
3639
27094
19276
20546
730
422
1942
4978
14638
1942
22267
26209
26092
26494
24726
20323
1098
6117
28845
23353
6042
30970
7136
22089
4860
23954
6043
4343
14982
29807
26332
3976
9131
6471
11392
23447
30157
24088
23665
9858
6627
2896
8476
3489
15513
24682
7599
28756
25564
14361
22427
14184
9358
7011
14004
14566
6400
9225
18104
14361
29754
23753
10046
18708
18179
15969
27866
22656
2004
18772
18708
19549
21916
4819
23638
26771
3625
28429
9385
15345
20803
597
16677
26003
2775
13106
11431
4630
4236
25
3588
18605
17492
27168
4765
25306
6627
29674
12126
16001
10627
28439
28928
4916
23353
26209
7185
16504
12068
8111
9610
8834
235
10909
4429
10861
10248
9091
20269
1826
7051
26130
1826
19965
15559
25
17726
8351
6002
20656
16001
31063
79
17965
3771
28439
22089
13905
20994
30275
26128
12234
8476
4955
25650
18983
20052
12669
11210
16359
21153
7937
21153
15297
22089
20397
19107
1373
22112
3432
8942
28267
2094
29105
29014
22850
20463
18772
14425
18851
12478
28961
5526
22267
5739
29754
23665
287
22924
23353
7089
24509
18424
11002
26862
26515
18456
26651
23043
23954
2004
23353
3965
11207
6457
23447
14013
5123
16673
7380
7185
28003
7199
8530
3996
4429
28267
15711
10909
18851
24234
4765
17970
14852
9192
18954
5755
27094
7392
3625
28701
10672
7573
28043
5458
20458
8222
22924
3625
6986
24410
2846
3861
25650
5526
15446
16332
25
28831
14135
8620
28988
11301
4135
21072
8500
170
8850
13393
18605
8514
15004
26068
25532
12065
12004
31873
20521
4343
32645
20476
27852
26515
15513
20911
17211
14004
9385
28323
13842
1098
30445
3588
30696
10100
14626
18060
6965
9418
7573
6297
18554
31379
10332
4177
7422
30096
2775
12669
119
1212
8664
8204
2318
6117
10627
28690
19891
9222
12524
119
7886
11675
19097
21357
17637
9091
235
